[1223/203534.050:ERROR:directory_reader_win.cc(43)] FindFirstFile: 系统找不到指定的路径。 (0x3)
[1224/105433.619:ERROR:process_reader_win.cc(151)] SuspendThread: 拒绝访问。 (0x5)
[1224/105433.620:ERROR:exception_snapshot_win.cc(99)] thread ID 15496 not found in process
[1224/105433.665:ERROR:process_reader_win.cc(123)] NtOpenThread: {无法访问} 过程已请求访问一对象，但未给访问权限。 (0xc0000022)
[1224/105433.666:ERROR:exception_snapshot_win.cc(99)] thread ID 27936 not found in process
[1224/105433.666:ERROR:scoped_process_suspend.cc(40)] NtResumeProcess: 已尝试访问正在退出的过程。 (0xc000010a)
[1229/181649.422:ERROR:directory_reader_win.cc(43)] FindFirstFile: 系统找不到指定的路径。 (0x3)
[1229/181721.945:ERROR:directory_reader_win.cc(43)] FindFirstFile: 系统找不到指定的路径。 (0x3)
[1229/181758.759:ERROR:directory_reader_win.cc(43)] FindFirstFile: 系统找不到指定的路径。 (0x3)
[1229/181849.976:ERROR:directory_reader_win.cc(43)] FindFirstFile: 系统找不到指定的路径。 (0x3)
[1229/181921.237:ERROR:directory_reader_win.cc(43)] FindFirstFile: 系统找不到指定的路径。 (0x3)
[1229/182302.116:ERROR:directory_reader_win.cc(43)] FindFirstFile: 系统找不到指定的路径。 (0x3)
[1229/182344.823:ERROR:directory_reader_win.cc(43)] FindFirstFile: 系统找不到指定的路径。 (0x3)
[1229/203439.366:ERROR:process_reader_win.cc(123)] NtOpenThread: {无法访问} 过程已请求访问一对象，但未给访问权限。 (0xc0000022)
[1229/203439.369:ERROR:exception_snapshot_win.cc(99)] thread ID 16112 not found in process
[1229/203439.420:ERROR:process_reader_win.cc(151)] SuspendThread: 拒绝访问。 (0x5)
[1229/203439.420:ERROR:process_reader_win.cc(151)] SuspendThread: 拒绝访问。 (0x5)
[1229/203439.420:ERROR:process_reader_win.cc(151)] SuspendThread: 拒绝访问。 (0x5)
[1229/203439.420:ERROR:process_reader_win.cc(123)] NtOpenThread: {无法访问} 过程已请求访问一对象，但未给访问权限。 (0xc0000022)
[1229/203439.420:ERROR:exception_snapshot_win.cc(99)] thread ID 14104 not found in process
[1229/210725.228:ERROR:directory_reader_win.cc(43)] FindFirstFile: 系统找不到指定的路径。 (0x3)
[1229/211315.383:ERROR:process_reader_win.cc(151)] SuspendThread: 拒绝访问。 (0x5)
[1229/211315.385:ERROR:process_reader_win.cc(151)] SuspendThread: 拒绝访问。 (0x5)
[1229/211315.384:ERROR:process_reader_win.cc(151)] SuspendThread: 拒绝访问。 (0x5)
[1229/211315.385:ERROR:process_reader_win.cc(151)] SuspendThread: 拒绝访问。 (0x5)
[1229/211315.385:ERROR:process_reader_win.cc(151)] SuspendThread: 拒绝访问。 (0x5)
[1229/211315.385:ERROR:process_reader_win.cc(151)] SuspendThread: 拒绝访问。 (0x5)
[1229/211315.385:ERROR:process_reader_win.cc(151)] SuspendThread: 拒绝访问。 (0x5)
[1229/211315.385:ERROR:process_reader_win.cc(151)] SuspendThread: 拒绝访问。 (0x5)
[1229/211315.385:ERROR:process_reader_win.cc(151)] SuspendThread: 拒绝访问。 (0x5)
[1229/211315.385:ERROR:process_reader_win.cc(151)] SuspendThread: 拒绝访问。 (0x5)
[1229/211315.385:ERROR:process_reader_win.cc(151)] SuspendThread: 拒绝访问。 (0x5)
[1229/211315.385:ERROR:process_reader_win.cc(123)] NtOpenThread: {无法访问} 过程已请求访问一对象，但未给访问权限。 (0xc0000022)
[1229/211315.385:ERROR:exception_snapshot_win.cc(99)] thread ID 12236 not found in process
[1229/211315.385:ERROR:process_reader_win.cc(123)] NtOpenThread: {无法访问} 过程已请求访问一对象，但未给访问权限。 (0xc0000022)
[1229/211315.385:ERROR:exception_snapshot_win.cc(99)] thread ID 15012 not found in process
[1229/211315.396:ERROR:process_reader_win.cc(151)] SuspendThread: 拒绝访问。 (0x5)
[1229/211315.397:ERROR:process_reader_win.cc(151)] SuspendThread: 拒绝访问。 (0x5)
[1229/211315.397:ERROR:process_reader_win.cc(123)] NtOpenThread: {无法访问} 过程已请求访问一对象，但未给访问权限。 (0xc0000022)
[1229/211315.398:ERROR:exception_snapshot_win.cc(99)] thread ID 6364 not found in process
[1229/211315.419:ERROR:process_reader_win.cc(123)] NtOpenThread: {无法访问} 过程已请求访问一对象，但未给访问权限。 (0xc0000022)
[1229/211315.419:ERROR:exception_snapshot_win.cc(99)] thread ID 8240 not found in process
[1229/211315.425:ERROR:process_reader_win.cc(123)] NtOpenThread: {无法访问} 过程已请求访问一对象，但未给访问权限。 (0xc0000022)
[1229/211315.425:ERROR:exception_snapshot_win.cc(99)] thread ID 15484 not found in process
[1229/211315.425:ERROR:process_reader_win.cc(123)] NtOpenThread: {无法访问} 过程已请求访问一对象，但未给访问权限。 (0xc0000022)
[1229/211315.425:ERROR:exception_snapshot_win.cc(99)] thread ID 14180 not found in process
[1229/211315.430:ERROR:process_reader_win.cc(123)] NtOpenThread: {无法访问} 过程已请求访问一对象，但未给访问权限。 (0xc0000022)
[1229/211315.431:ERROR:exception_snapshot_win.cc(99)] thread ID 4236 not found in process
[1229/211315.440:ERROR:process_reader_win.cc(123)] NtOpenThread: {无法访问} 过程已请求访问一对象，但未给访问权限。 (0xc0000022)
[1229/211315.440:ERROR:exception_snapshot_win.cc(99)] thread ID 9552 not found in process
[1229/212502.236:ERROR:directory_reader_win.cc(43)] FindFirstFile: 系统找不到指定的路径。 (0x3)
[1229/212552.376:ERROR:directory_reader_win.cc(43)] FindFirstFile: 系统找不到指定的路径。 (0x3)
[1229/212951.931:ERROR:directory_reader_win.cc(43)] FindFirstFile: 系统找不到指定的路径。 (0x3)
[1229/221455.097:ERROR:directory_reader_win.cc(43)] FindFirstFile: 系统找不到指定的路径。 (0x3)
[1229/221545.399:ERROR:directory_reader_win.cc(43)] FindFirstFile: 系统找不到指定的路径。 (0x3)
[1230/112741.421:ERROR:directory_reader_win.cc(43)] FindFirstFile: 系统找不到指定的路径。 (0x3)
[1230/114337.594:ERROR:directory_reader_win.cc(43)] FindFirstFile: 系统找不到指定的路径。 (0x3)
[1230/150947.020:ERROR:directory_reader_win.cc(43)] FindFirstFile: 系统找不到指定的路径。 (0x3)
[1230/153307.745:ERROR:directory_reader_win.cc(43)] FindFirstFile: 系统找不到指定的路径。 (0x3)
[1230/154322.105:ERROR:directory_reader_win.cc(43)] FindFirstFile: 系统找不到指定的路径。 (0x3)
[1230/155404.727:ERROR:directory_reader_win.cc(43)] FindFirstFile: 系统找不到指定的路径。 (0x3)
[1230/163337.063:ERROR:directory_reader_win.cc(43)] FindFirstFile: 系统找不到指定的路径。 (0x3)
[1230/163408.582:ERROR:process_reader_win.cc(123)] NtOpenThread: {无法访问} 过程已请求访问一对象，但未给访问权限。 (0xc0000022)
[1230/163408.583:ERROR:exception_snapshot_win.cc(99)] thread ID 21560 not found in process
[1230/163408.610:ERROR:process_reader_win.cc(123)] NtOpenThread: {无法访问} 过程已请求访问一对象，但未给访问权限。 (0xc0000022)
[1230/163408.610:ERROR:exception_snapshot_win.cc(99)] thread ID 16116 not found in process
[1230/163805.914:ERROR:process_reader_win.cc(123)] NtOpenThread: {无法访问} 过程已请求访问一对象，但未给访问权限。 (0xc0000022)
[1230/163805.914:ERROR:process_reader_win.cc(123)] NtOpenThread: {无法访问} 过程已请求访问一对象，但未给访问权限。 (0xc0000022)
[1230/163805.916:ERROR:exception_snapshot_win.cc(99)] thread ID 20388 not found in process
[1230/163805.916:ERROR:exception_snapshot_win.cc(99)] thread ID 11168 not found in process
[1230/163805.931:ERROR:process_reader_win.cc(123)] NtOpenThread: {无法访问} 过程已请求访问一对象，但未给访问权限。 (0xc0000022)
[1230/163805.932:ERROR:exception_snapshot_win.cc(99)] thread ID 18288 not found in process
[1230/163835.262:ERROR:process_reader_win.cc(123)] NtOpenThread: {无法访问} 过程已请求访问一对象，但未给访问权限。 (0xc0000022)
[1230/163835.263:ERROR:exception_snapshot_win.cc(99)] thread ID 8824 not found in process
[1230/163835.288:ERROR:process_reader_win.cc(123)] NtOpenThread: {无法访问} 过程已请求访问一对象，但未给访问权限。 (0xc0000022)
[1230/163835.289:ERROR:exception_snapshot_win.cc(99)] thread ID 6084 not found in process
[1230/164844.001:ERROR:directory_reader_win.cc(43)] FindFirstFile: 系统找不到指定的路径。 (0x3)
[1230/170708.578:ERROR:directory_reader_win.cc(43)] FindFirstFile: 系统找不到指定的路径。 (0x3)
[1230/170845.413:ERROR:directory_reader_win.cc(43)] FindFirstFile: 系统找不到指定的路径。 (0x3)
[1230/173936.185:ERROR:process_reader_win.cc(123)] NtOpenThread: {无法访问} 过程已请求访问一对象，但未给访问权限。 (0xc0000022)
[1230/173936.187:ERROR:exception_snapshot_win.cc(99)] thread ID 19260 not found in process
[1230/173936.186:ERROR:process_reader_win.cc(123)] NtOpenThread: {无法访问} 过程已请求访问一对象，但未给访问权限。 (0xc0000022)
[1230/173936.188:ERROR:exception_snapshot_win.cc(99)] thread ID 1780 not found in process
[1230/173936.190:ERROR:process_reader_win.cc(123)] NtOpenThread: {无法访问} 过程已请求访问一对象，但未给访问权限。 (0xc0000022)
[1230/173936.193:ERROR:exception_snapshot_win.cc(99)] thread ID 11444 not found in process
[1230/173936.206:ERROR:process_reader_win.cc(123)] NtOpenThread: {无法访问} 过程已请求访问一对象，但未给访问权限。 (0xc0000022)
[1230/173936.206:ERROR:exception_snapshot_win.cc(99)] thread ID 7312 not found in process
[1230/173936.224:ERROR:process_reader_win.cc(123)] NtOpenThread: {无法访问} 过程已请求访问一对象，但未给访问权限。 (0xc0000022)
[1230/173936.224:ERROR:process_reader_win.cc(123)] NtOpenThread: {无法访问} 过程已请求访问一对象，但未给访问权限。 (0xc0000022)
[1230/173936.224:ERROR:process_reader_win.cc(123)] NtOpenThread: {无法访问} 过程已请求访问一对象，但未给访问权限。 (0xc0000022)
[1230/173936.224:ERROR:exception_snapshot_win.cc(99)] thread ID 9540 not found in process
[1230/173936.224:ERROR:exception_snapshot_win.cc(99)] thread ID 16472 not found in process
[1230/173936.224:ERROR:exception_snapshot_win.cc(99)] thread ID 572 not found in process
[1230/180135.158:ERROR:directory_reader_win.cc(43)] FindFirstFile: 系统找不到指定的路径。 (0x3)
[1230/181134.585:ERROR:directory_reader_win.cc(43)] FindFirstFile: 系统找不到指定的路径。 (0x3)
[1230/203208.122:ERROR:directory_reader_win.cc(43)] FindFirstFile: 系统找不到指定的路径。 (0x3)
[1230/203642.506:ERROR:directory_reader_win.cc(43)] FindFirstFile: 系统找不到指定的路径。 (0x3)
[1230/203803.783:ERROR:directory_reader_win.cc(43)] FindFirstFile: 系统找不到指定的路径。 (0x3)
[1230/204639.213:ERROR:directory_reader_win.cc(43)] FindFirstFile: 系统找不到指定的路径。 (0x3)
[1230/205409.033:ERROR:directory_reader_win.cc(43)] FindFirstFile: 系统找不到指定的路径。 (0x3)
[1230/205454.126:ERROR:directory_reader_win.cc(43)] FindFirstFile: 系统找不到指定的路径。 (0x3)
[0104/104618.879:ERROR:directory_reader_win.cc(43)] FindFirstFile: 系统找不到指定的路径。 (0x3)
[0104/111015.310:ERROR:directory_reader_win.cc(43)] FindFirstFile: 系统找不到指定的路径。 (0x3)
[0104/111535.493:ERROR:directory_reader_win.cc(43)] FindFirstFile: 系统找不到指定的路径。 (0x3)
[0104/111646.392:ERROR:directory_reader_win.cc(43)] FindFirstFile: 系统找不到指定的路径。 (0x3)
[0104/144730.105:ERROR:directory_reader_win.cc(43)] FindFirstFile: 系统找不到指定的路径。 (0x3)
[0104/145044.115:ERROR:directory_reader_win.cc(43)] FindFirstFile: 系统找不到指定的路径。 (0x3)
[0104/145203.223:ERROR:directory_reader_win.cc(43)] FindFirstFile: 系统找不到指定的路径。 (0x3)
[0104/145238.638:ERROR:directory_reader_win.cc(43)] FindFirstFile: 系统找不到指定的路径。 (0x3)
[0104/145347.677:ERROR:directory_reader_win.cc(43)] FindFirstFile: 系统找不到指定的路径。 (0x3)
[0104/145420.790:ERROR:directory_reader_win.cc(43)] FindFirstFile: 系统找不到指定的路径。 (0x3)
[0104/145740.512:ERROR:directory_reader_win.cc(43)] FindFirstFile: 系统找不到指定的路径。 (0x3)
[0104/145818.151:ERROR:directory_reader_win.cc(43)] FindFirstFile: 系统找不到指定的路径。 (0x3)
[0104/145935.312:ERROR:directory_reader_win.cc(43)] FindFirstFile: 系统找不到指定的路径。 (0x3)
[0104/193313.653:ERROR:directory_reader_win.cc(43)] FindFirstFile: 系统找不到指定的路径。 (0x3)
[0104/200057.432:ERROR:directory_reader_win.cc(43)] FindFirstFile: 系统找不到指定的路径。 (0x3)
[0104/200245.867:ERROR:directory_reader_win.cc(43)] FindFirstFile: 系统找不到指定的路径。 (0x3)
[0104/200540.847:ERROR:directory_reader_win.cc(43)] FindFirstFile: 系统找不到指定的路径。 (0x3)
[0104/202909.123:ERROR:directory_reader_win.cc(43)] FindFirstFile: 系统找不到指定的路径。 (0x3)
[0107/023354.021:ERROR:directory_reader_win.cc(43)] FindFirstFile: 系统找不到指定的路径。 (0x3)
[0107/163517.210:ERROR:directory_reader_win.cc(43)] FindFirstFile: 系统找不到指定的路径。 (0x3)
[0115/085548.781:ERROR:directory_reader_win.cc(43)] FindFirstFile: 系统找不到指定的路径。 (0x3)
[0115/151513.890:ERROR:process_reader_win.cc(123)] NtOpenThread: {无法访问} 过程已请求访问一对象，但未给访问权限。 (0xc0000022)
[0115/151513.892:ERROR:exception_snapshot_win.cc(99)] thread ID 14172 not found in process
[0115/151513.901:ERROR:process_reader_win.cc(123)] NtOpenThread: {无法访问} 过程已请求访问一对象，但未给访问权限。 (0xc0000022)
[0115/151513.901:ERROR:exception_snapshot_win.cc(99)] thread ID 1684 not found in process
[0118/150110.664:ERROR:directory_reader_win.cc(43)] FindFirstFile: 系统找不到指定的路径。 (0x3)
[0118/150913.437:ERROR:directory_reader_win.cc(43)] FindFirstFile: 系统找不到指定的路径。 (0x3)
[0118/151938.195:ERROR:process_reader_win.cc(123)] NtOpenThread: {无法访问} 过程已请求访问一对象，但未给访问权限。 (0xc0000022)
[0118/151938.199:ERROR:exception_snapshot_win.cc(99)] thread ID 27384 not found in process
[0118/151938.197:ERROR:process_reader_win.cc(123)] NtOpenThread: {无法访问} 过程已请求访问一对象，但未给访问权限。 (0xc0000022)
[0118/151938.201:ERROR:exception_snapshot_win.cc(99)] thread ID 27224 not found in process
[0118/151938.200:ERROR:process_reader_win.cc(123)] NtOpenThread: {无法访问} 过程已请求访问一对象，但未给访问权限。 (0xc0000022)
[0118/151938.205:ERROR:exception_snapshot_win.cc(99)] thread ID 1184 not found in process
[0118/151938.240:ERROR:process_reader_win.cc(123)] NtOpenThread: {无法访问} 过程已请求访问一对象，但未给访问权限。 (0xc0000022)
[0118/151938.240:ERROR:exception_snapshot_win.cc(99)] thread ID 14200 not found in process
[0118/151938.245:ERROR:process_reader_win.cc(123)] NtOpenThread: {无法访问} 过程已请求访问一对象，但未给访问权限。 (0xc0000022)
[0118/151938.246:ERROR:exception_snapshot_win.cc(99)] thread ID 26328 not found in process
[0118/151938.273:ERROR:process_reader_win.cc(123)] NtOpenThread: {无法访问} 过程已请求访问一对象，但未给访问权限。 (0xc0000022)
[0118/151938.273:ERROR:exception_snapshot_win.cc(99)] thread ID 15140 not found in process
[0118/152029.428:ERROR:process_reader_win.cc(123)] NtOpenThread: {无法访问} 过程已请求访问一对象，但未给访问权限。 (0xc0000022)
[0118/152029.430:ERROR:exception_snapshot_win.cc(99)] thread ID 19780 not found in process
[0118/152029.431:ERROR:process_reader_win.cc(123)] NtOpenThread: {无法访问} 过程已请求访问一对象，但未给访问权限。 (0xc0000022)
[0118/152029.431:ERROR:exception_snapshot_win.cc(99)] thread ID 28516 not found in process
[0118/152029.442:ERROR:process_reader_win.cc(123)] NtOpenThread: {无法访问} 过程已请求访问一对象，但未给访问权限。 (0xc0000022)
[0118/152029.442:ERROR:exception_snapshot_win.cc(99)] thread ID 25740 not found in process
[0118/152210.304:ERROR:process_reader_win.cc(123)] NtOpenThread: {无法访问} 过程已请求访问一对象，但未给访问权限。 (0xc0000022)
[0118/152210.307:ERROR:exception_snapshot_win.cc(99)] thread ID 12848 not found in process
[0118/152210.325:ERROR:process_reader_win.cc(123)] NtOpenThread: {无法访问} 过程已请求访问一对象，但未给访问权限。 (0xc0000022)
[0118/152210.325:ERROR:exception_snapshot_win.cc(99)] thread ID 26068 not found in process
[0118/152346.704:ERROR:process_reader_win.cc(123)] NtOpenThread: {无法访问} 过程已请求访问一对象，但未给访问权限。 (0xc0000022)
[0118/152346.709:ERROR:exception_snapshot_win.cc(99)] thread ID 27092 not found in process
[0118/152346.721:ERROR:process_reader_win.cc(123)] NtOpenThread: {无法访问} 过程已请求访问一对象，但未给访问权限。 (0xc0000022)
[0118/152346.721:ERROR:exception_snapshot_win.cc(99)] thread ID 20612 not found in process
[0118/152411.749:ERROR:process_reader_win.cc(123)] NtOpenThread: {无法访问} 过程已请求访问一对象，但未给访问权限。 (0xc0000022)
[0118/152411.752:ERROR:exception_snapshot_win.cc(99)] thread ID 26072 not found in process
[0118/152411.765:ERROR:process_reader_win.cc(123)] NtOpenThread: {无法访问} 过程已请求访问一对象，但未给访问权限。 (0xc0000022)
[0118/152411.766:ERROR:exception_snapshot_win.cc(99)] thread ID 27308 not found in process
[0118/152507.633:ERROR:process_reader_win.cc(123)] NtOpenThread: {无法访问} 过程已请求访问一对象，但未给访问权限。 (0xc0000022)
[0118/152507.634:ERROR:exception_snapshot_win.cc(99)] thread ID 28024 not found in process
[0118/152507.644:ERROR:process_reader_win.cc(123)] NtOpenThread: {无法访问} 过程已请求访问一对象，但未给访问权限。 (0xc0000022)
[0118/152507.644:ERROR:exception_snapshot_win.cc(99)] thread ID 2700 not found in process
[0118/152531.357:ERROR:process_reader_win.cc(123)] NtOpenThread: {无法访问} 过程已请求访问一对象，但未给访问权限。 (0xc0000022)
[0118/152531.359:ERROR:exception_snapshot_win.cc(99)] thread ID 27776 not found in process
[0118/152531.373:ERROR:process_reader_win.cc(123)] NtOpenThread: {无法访问} 过程已请求访问一对象，但未给访问权限。 (0xc0000022)
[0118/152531.373:ERROR:exception_snapshot_win.cc(99)] thread ID 28536 not found in process
[0118/152557.610:ERROR:process_reader_win.cc(123)] NtOpenThread: {无法访问} 过程已请求访问一对象，但未给访问权限。 (0xc0000022)
[0118/152557.611:ERROR:exception_snapshot_win.cc(99)] thread ID 26072 not found in process
[0118/152557.615:ERROR:process_reader_win.cc(123)] NtOpenThread: {无法访问} 过程已请求访问一对象，但未给访问权限。 (0xc0000022)
[0118/152557.615:ERROR:exception_snapshot_win.cc(99)] thread ID 13832 not found in process
[0118/152616.196:ERROR:process_reader_win.cc(123)] NtOpenThread: {无法访问} 过程已请求访问一对象，但未给访问权限。 (0xc0000022)
[0118/152616.197:ERROR:exception_snapshot_win.cc(99)] thread ID 2188 not found in process
[0118/152616.208:ERROR:process_reader_win.cc(123)] NtOpenThread: {无法访问} 过程已请求访问一对象，但未给访问权限。 (0xc0000022)
[0118/152616.208:ERROR:exception_snapshot_win.cc(99)] thread ID 28576 not found in process
[0118/152753.705:ERROR:process_reader_win.cc(123)] NtOpenThread: {无法访问} 过程已请求访问一对象，但未给访问权限。 (0xc0000022)
[0118/152753.705:ERROR:process_reader_win.cc(123)] NtOpenThread: {无法访问} 过程已请求访问一对象，但未给访问权限。 (0xc0000022)
[0118/152753.707:ERROR:exception_snapshot_win.cc(99)] thread ID 28356 not found in process
[0118/152753.708:ERROR:exception_snapshot_win.cc(99)] thread ID 26080 not found in process
[0118/152753.714:ERROR:process_reader_win.cc(123)] NtOpenThread: {无法访问} 过程已请求访问一对象，但未给访问权限。 (0xc0000022)
[0118/152753.714:ERROR:exception_snapshot_win.cc(99)] thread ID 23904 not found in process
[0118/152833.350:ERROR:process_reader_win.cc(123)] NtOpenThread: {无法访问} 过程已请求访问一对象，但未给访问权限。 (0xc0000022)
[0118/152833.352:ERROR:exception_snapshot_win.cc(99)] thread ID 25804 not found in process
[0118/152833.366:ERROR:process_reader_win.cc(123)] NtOpenThread: {无法访问} 过程已请求访问一对象，但未给访问权限。 (0xc0000022)
[0118/152833.366:ERROR:exception_snapshot_win.cc(99)] thread ID 17708 not found in process
[0118/152956.101:ERROR:process_reader_win.cc(123)] NtOpenThread: {无法访问} 过程已请求访问一对象，但未给访问权限。 (0xc0000022)
[0118/152956.104:ERROR:exception_snapshot_win.cc(99)] thread ID 24836 not found in process
[0118/152956.116:ERROR:process_reader_win.cc(123)] NtOpenThread: {无法访问} 过程已请求访问一对象，但未给访问权限。 (0xc0000022)
[0118/152956.116:ERROR:exception_snapshot_win.cc(99)] thread ID 20704 not found in process
[0118/153012.228:ERROR:process_reader_win.cc(123)] NtOpenThread: {无法访问} 过程已请求访问一对象，但未给访问权限。 (0xc0000022)
[0118/153012.230:ERROR:exception_snapshot_win.cc(99)] thread ID 27804 not found in process
[0118/153012.242:ERROR:process_reader_win.cc(123)] NtOpenThread: {无法访问} 过程已请求访问一对象，但未给访问权限。 (0xc0000022)
[0118/153012.243:ERROR:exception_snapshot_win.cc(99)] thread ID 26448 not found in process
[0118/153038.227:ERROR:process_reader_win.cc(123)] NtOpenThread: {无法访问} 过程已请求访问一对象，但未给访问权限。 (0xc0000022)
[0118/153038.229:ERROR:exception_snapshot_win.cc(99)] thread ID 27168 not found in process
[0118/153038.240:ERROR:process_reader_win.cc(123)] NtOpenThread: {无法访问} 过程已请求访问一对象，但未给访问权限。 (0xc0000022)
[0118/153038.240:ERROR:exception_snapshot_win.cc(99)] thread ID 20612 not found in process
[0118/154211.294:ERROR:directory_reader_win.cc(43)] FindFirstFile: 系统找不到指定的路径。 (0x3)
[0118/161108.567:ERROR:process_reader_win.cc(123)] NtOpenThread: {无法访问} 过程已请求访问一对象，但未给访问权限。 (0xc0000022)
[0118/161108.569:ERROR:exception_snapshot_win.cc(99)] thread ID 25648 not found in process
[0118/161108.571:ERROR:process_reader_win.cc(123)] NtOpenThread: {无法访问} 过程已请求访问一对象，但未给访问权限。 (0xc0000022)
[0118/161108.572:ERROR:exception_snapshot_win.cc(99)] thread ID 27508 not found in process
[0118/161108.587:ERROR:process_reader_win.cc(123)] NtOpenThread: {无法访问} 过程已请求访问一对象，但未给访问权限。 (0xc0000022)
[0118/161108.587:ERROR:exception_snapshot_win.cc(99)] thread ID 26196 not found in process
[0118/161108.591:ERROR:process_reader_win.cc(123)] NtOpenThread: {无法访问} 过程已请求访问一对象，但未给访问权限。 (0xc0000022)
[0118/161108.591:ERROR:exception_snapshot_win.cc(99)] thread ID 27808 not found in process
[0118/162743.652:ERROR:directory_reader_win.cc(43)] FindFirstFile: 系统找不到指定的路径。 (0x3)
[0118/163601.975:ERROR:process_reader_win.cc(123)] NtOpenThread: {无法访问} 过程已请求访问一对象，但未给访问权限。 (0xc0000022)
[0118/163601.976:ERROR:exception_snapshot_win.cc(99)] thread ID 13160 not found in process
[0118/163601.988:ERROR:process_reader_win.cc(123)] NtOpenThread: {无法访问} 过程已请求访问一对象，但未给访问权限。 (0xc0000022)
[0118/163601.988:ERROR:exception_snapshot_win.cc(99)] thread ID 26372 not found in process
[0118/164244.061:ERROR:process_reader_win.cc(123)] NtOpenThread: {无法访问} 过程已请求访问一对象，但未给访问权限。 (0xc0000022)
[0118/164244.062:ERROR:exception_snapshot_win.cc(99)] thread ID 27220 not found in process
[0118/164244.074:ERROR:process_reader_win.cc(123)] NtOpenThread: {无法访问} 过程已请求访问一对象，但未给访问权限。 (0xc0000022)
[0118/164244.074:ERROR:exception_snapshot_win.cc(99)] thread ID 27616 not found in process
[0118/164550.532:ERROR:process_reader_win.cc(123)] NtOpenThread: {无法访问} 过程已请求访问一对象，但未给访问权限。 (0xc0000022)
[0118/164550.532:ERROR:exception_snapshot_win.cc(99)] thread ID 26464 not found in process
[0118/164550.552:ERROR:process_reader_win.cc(123)] NtOpenThread: {无法访问} 过程已请求访问一对象，但未给访问权限。 (0xc0000022)
[0118/164550.552:ERROR:exception_snapshot_win.cc(99)] thread ID 27060 not found in process
[0118/164739.185:ERROR:process_reader_win.cc(123)] NtOpenThread: {无法访问} 过程已请求访问一对象，但未给访问权限。 (0xc0000022)
[0118/164739.185:ERROR:exception_snapshot_win.cc(99)] thread ID 26464 not found in process
[0118/164739.185:ERROR:process_reader_win.cc(123)] NtOpenThread: {无法访问} 过程已请求访问一对象，但未给访问权限。 (0xc0000022)
[0118/164739.185:ERROR:process_reader_win.cc(123)] NtOpenThread: {无法访问} 过程已请求访问一对象，但未给访问权限。 (0xc0000022)
[0118/164739.185:ERROR:exception_snapshot_win.cc(99)] thread ID 26696 not found in process
[0118/164739.185:ERROR:exception_snapshot_win.cc(99)] thread ID 12512 not found in process
[0118/164739.200:ERROR:process_reader_win.cc(123)] NtOpenThread: {无法访问} 过程已请求访问一对象，但未给访问权限。 (0xc0000022)
[0118/164739.200:ERROR:exception_snapshot_win.cc(99)] thread ID 25040 not found in process
[0118/164739.216:ERROR:process_reader_win.cc(123)] NtOpenThread: {无法访问} 过程已请求访问一对象，但未给访问权限。 (0xc0000022)
[0118/164739.216:ERROR:exception_snapshot_win.cc(99)] thread ID 16416 not found in process
[0118/165848.877:ERROR:directory_reader_win.cc(43)] FindFirstFile: 系统找不到指定的路径。 (0x3)
[0119/165848.880:ERROR:directory_reader_win.cc(43)] FindFirstFile: 系统找不到指定的路径。 (0x3)
[0119/185615.822:ERROR:process_reader_win.cc(123)] NtOpenThread: {无法访问} 过程已请求访问一对象，但未给访问权限。 (0xc0000022)
[0119/185615.822:ERROR:exception_snapshot_win.cc(99)] thread ID 34460 not found in process
[0119/185615.838:ERROR:process_reader_win.cc(123)] NtOpenThread: {无法访问} 过程已请求访问一对象，但未给访问权限。 (0xc0000022)
[0119/185615.838:ERROR:exception_snapshot_win.cc(99)] thread ID 6800 not found in process
[0119/185827.305:ERROR:process_reader_win.cc(123)] NtOpenThread: {无法访问} 过程已请求访问一对象，但未给访问权限。 (0xc0000022)
[0119/185827.306:ERROR:exception_snapshot_win.cc(99)] thread ID 36400 not found in process
[0119/185827.309:ERROR:process_reader_win.cc(123)] NtOpenThread: {无法访问} 过程已请求访问一对象，但未给访问权限。 (0xc0000022)
[0119/185827.310:ERROR:exception_snapshot_win.cc(99)] thread ID 36428 not found in process
[0119/190854.253:ERROR:directory_reader_win.cc(43)] FindFirstFile: 系统找不到指定的路径。 (0x3)
[0120/190854.273:ERROR:directory_reader_win.cc(43)] FindFirstFile: 系统找不到指定的路径。 (0x3)
[0121/190854.281:ERROR:directory_reader_win.cc(43)] FindFirstFile: 系统找不到指定的路径。 (0x3)
[0122/190854.286:ERROR:directory_reader_win.cc(43)] FindFirstFile: 系统找不到指定的路径。 (0x3)
[0125/090107.767:ERROR:process_reader_win.cc(123)] NtOpenThread: {无法访问} 过程已请求访问一对象，但未给访问权限。 (0xc0000022)
[0125/090107.769:ERROR:exception_snapshot_win.cc(99)] thread ID 10812 not found in process
[0125/090107.814:ERROR:process_reader_win.cc(123)] NtOpenThread: {无法访问} 过程已请求访问一对象，但未给访问权限。 (0xc0000022)
[0125/090107.814:ERROR:exception_snapshot_win.cc(99)] thread ID 23372 not found in process
[0125/101122.412:ERROR:process_reader_win.cc(123)] NtOpenThread: {无法访问} 过程已请求访问一对象，但未给访问权限。 (0xc0000022)
[0125/101122.414:ERROR:exception_snapshot_win.cc(99)] thread ID 23160 not found in process
[0125/101122.416:ERROR:process_reader_win.cc(123)] NtOpenThread: {无法访问} 过程已请求访问一对象，但未给访问权限。 (0xc0000022)
[0125/101122.418:ERROR:exception_snapshot_win.cc(99)] thread ID 9912 not found in process
[0125/101122.446:ERROR:process_reader_win.cc(123)] NtOpenThread: {无法访问} 过程已请求访问一对象，但未给访问权限。 (0xc0000022)
[0125/101122.446:ERROR:exception_snapshot_win.cc(99)] thread ID 8212 not found in process
[0125/101122.446:ERROR:process_reader_win.cc(123)] NtOpenThread: {无法访问} 过程已请求访问一对象，但未给访问权限。 (0xc0000022)
[0125/101122.446:ERROR:exception_snapshot_win.cc(99)] thread ID 1292 not found in process
[0125/101312.961:ERROR:process_reader_win.cc(123)] NtOpenThread: {无法访问} 过程已请求访问一对象，但未给访问权限。 (0xc0000022)
[0125/101312.963:ERROR:exception_snapshot_win.cc(99)] thread ID 2484 not found in process
[0125/101312.987:ERROR:process_reader_win.cc(123)] NtOpenThread: {无法访问} 过程已请求访问一对象，但未给访问权限。 (0xc0000022)
[0125/101312.987:ERROR:exception_snapshot_win.cc(99)] thread ID 9868 not found in process
[0125/101504.851:ERROR:process_reader_win.cc(123)] NtOpenThread: {无法访问} 过程已请求访问一对象，但未给访问权限。 (0xc0000022)
[0125/101504.851:ERROR:exception_snapshot_win.cc(99)] thread ID 4872 not found in process
[0125/101504.856:ERROR:process_reader_win.cc(123)] NtOpenThread: {无法访问} 过程已请求访问一对象，但未给访问权限。 (0xc0000022)
[0125/101504.857:ERROR:exception_snapshot_win.cc(99)] thread ID 13232 not found in process
[0125/101743.049:ERROR:process_reader_win.cc(123)] NtOpenThread: {无法访问} 过程已请求访问一对象，但未给访问权限。 (0xc0000022)
[0125/101743.052:ERROR:exception_snapshot_win.cc(99)] thread ID 3832 not found in process
[0125/101743.050:ERROR:process_reader_win.cc(123)] NtOpenThread: {无法访问} 过程已请求访问一对象，但未给访问权限。 (0xc0000022)
[0125/101743.053:ERROR:exception_snapshot_win.cc(99)] thread ID 3212 not found in process
[0125/101743.054:ERROR:process_reader_win.cc(151)] SuspendThread: 拒绝访问。 (0x5)
[0125/101743.054:ERROR:process_reader_win.cc(123)] NtOpenThread: {无法访问} 过程已请求访问一对象，但未给访问权限。 (0xc0000022)
[0125/101743.054:ERROR:exception_snapshot_win.cc(99)] thread ID 13368 not found in process
[0125/101743.086:ERROR:process_reader_win.cc(123)] NtOpenThread: {无法访问} 过程已请求访问一对象，但未给访问权限。 (0xc0000022)
[0125/101743.087:ERROR:exception_snapshot_win.cc(99)] thread ID 21064 not found in process
[0125/101743.134:ERROR:process_reader_win.cc(123)] NtOpenThread: {无法访问} 过程已请求访问一对象，但未给访问权限。 (0xc0000022)
[0125/101743.134:ERROR:exception_snapshot_win.cc(99)] thread ID 9960 not found in process
[0125/101743.141:ERROR:process_reader_win.cc(123)] NtOpenThread: {无法访问} 过程已请求访问一对象，但未给访问权限。 (0xc0000022)
[0125/101743.141:ERROR:exception_snapshot_win.cc(99)] thread ID 780 not found in process
[0125/101743.144:ERROR:process_reader_win.cc(123)] NtOpenThread: {无法访问} 过程已请求访问一对象，但未给访问权限。 (0xc0000022)
[0125/101743.144:ERROR:exception_snapshot_win.cc(99)] thread ID 7280 not found in process
[0125/103144.900:ERROR:directory_reader_win.cc(43)] FindFirstFile: 系统找不到指定的路径。 (0x3)
[0125/231348.895:ERROR:directory_reader_win.cc(43)] FindFirstFile: 系统找不到指定的路径。 (0x3)
[0126/233433.159:ERROR:directory_reader_win.cc(43)] FindFirstFile: 系统找不到指定的路径。 (0x3)
[0126/235509.248:ERROR:directory_reader_win.cc(43)] FindFirstFile: 系统找不到指定的路径。 (0x3)
[0127/101614.188:ERROR:process_reader_win.cc(123)] NtOpenThread: {无法访问} 过程已请求访问一对象，但未给访问权限。 (0xc0000022)
[0127/101614.190:ERROR:exception_snapshot_win.cc(99)] thread ID 2056 not found in process
[0127/101614.192:ERROR:process_reader_win.cc(123)] NtOpenThread: {无法访问} 过程已请求访问一对象，但未给访问权限。 (0xc0000022)
[0127/101614.193:ERROR:exception_snapshot_win.cc(99)] thread ID 15836 not found in process
[0127/101614.207:ERROR:process_reader_win.cc(123)] NtOpenThread: {无法访问} 过程已请求访问一对象，但未给访问权限。 (0xc0000022)
[0127/101614.208:ERROR:exception_snapshot_win.cc(99)] thread ID 22188 not found in process
[0127/101614.208:ERROR:process_reader_win.cc(123)] NtOpenThread: {无法访问} 过程已请求访问一对象，但未给访问权限。 (0xc0000022)
[0127/101614.208:ERROR:exception_snapshot_win.cc(99)] thread ID 12108 not found in process
[0127/101614.241:ERROR:process_reader_win.cc(123)] NtOpenThread: {无法访问} 过程已请求访问一对象，但未给访问权限。 (0xc0000022)
[0127/101614.241:ERROR:exception_snapshot_win.cc(99)] thread ID 20760 not found in process
[0127/101614.241:ERROR:process_reader_win.cc(123)] NtOpenThread: {无法访问} 过程已请求访问一对象，但未给访问权限。 (0xc0000022)
[0127/101614.241:ERROR:exception_snapshot_win.cc(99)] thread ID 19572 not found in process
[0127/101614.251:ERROR:process_reader_win.cc(123)] NtOpenThread: {无法访问} 过程已请求访问一对象，但未给访问权限。 (0xc0000022)
[0127/101614.251:ERROR:exception_snapshot_win.cc(99)] thread ID 8624 not found in process
